<?xml version="1.0" encoding="UTF-8"?>
<!-- Generated by org.testng.reporters.JUnitXMLReporter -->
<testsuite ignored="0" hostname="WS-RSU" failures="1" tests="5" name="DSP Portal Test" time="37.204" errors="0" timestamp="2025-06-24T14:29:03 WIB">
  <testcase classname="tests.dspPortal.dspPortalTest" name="normalFdmPage" time="3.728"/>
  <testcase classname="tests.dspPortal.dspPortalTest" name="normalLayananPage" time="1.518"/>
  <testcase classname="tests.dspPortal.dspPortalTest" name="normalSettlement" time="0.654"/>
  <testcase classname="tests.dspPortal.dspPortalTest" name="normalUsaha" time="15.21"/>
  <testcase classname="tests.dspPortal.dspPortalTest" name="assertDetailAfterBuatMOS" time="8.579">
    <failure type="java.lang.AssertionError" message="The following asserts failed:
	expected [Saimen Test Nama Merchant] but found [Saimen Test Nama Merchant TNWE],
	expected [Saimen Test PIC Usaha] but found [Saimen Test PIC Usaha TNWE]">
      <![CDATA[java.lang.AssertionError: The following asserts failed:
expected [Saimen Test Nama Merchant] but found [Saimen Test Nama Merchant TNWE],
expected [Saimen Test PIC Usaha] but found [Saimen Test PIC Usaha TNWE]
at tests.dspPortal.dspPortalTest.assertDetailAfterBuatMOS(dspPortalTest.java:206)
at java.base/java.util.ArrayList.forEach(ArrayList.java:1597)
... Removed 31 stack frames]]>
    </failure>
  </testcase> <!-- assertDetailAfterBuatMOS -->
</testsuite> <!-- DSP Portal Test -->
