<?xml version="1.0" encoding="UTF-8"?>
<testng-results ignored="0" total="5" passed="4" failed="1" skipped="0">
  <reporter-output>
  </reporter-output>
  <suite started-at="2025-06-24T14:28:25 WIB" name="Web Testing" finished-at="2025-06-24T14:29:03 WIB" duration-ms="37204">
    <groups>
    </groups>
    <test started-at="2025-06-24T14:28:25 WIB" name="DSP Portal Test" finished-at="2025-06-24T14:29:03 WIB" duration-ms="37204">
      <class name="tests.dspPortal.dspPortalTest">
        <test-method is-config="true" signature="setEnvironment(java.lang.String)[pri:0, instance:tests.dspPortal.dspPortalTest@740fb309]" started-at="2025-06-24T14:28:25 WIB" name="setEnvironment" finished-at="2025-06-24T14:28:33 WIB" duration-ms="7423" status="PASS">
          <params>
            <param index="0">
              <value>
                <![CDATA[test-data/dspPortal/testDataFDM.json]]>
              </value>
            </param>
          </params>
          <reporter-output>
          </reporter-output>
        </test-method> <!-- setEnvironment -->
        <test-method is-config="true" signature="setStatus(java.lang.reflect.Method)[pri:0, instance:tests.dspPortal.dspPortalTest@740fb309]" started-at="2025-06-24T14:28:33 WIB" name="setStatus" finished-at="2025-06-24T14:28:33 WIB" duration-ms="1" status="PASS">
          <params>
            <param index="0">
              <value>
                <![CDATA[public void tests.dspPortal.dspPortalTest.normalFdmPage()]]>
              </value>
            </param>
          </params>
          <reporter-output>
          </reporter-output>
        </test-method> <!-- setStatus -->
        <test-method signature="normalFdmPage()[pri:0, instance:tests.dspPortal.dspPortalTest@740fb309]" started-at="2025-06-24T14:28:33 WIB" name="normalFdmPage" finished-at="2025-06-24T14:28:37 WIB" duration-ms="3728" status="PASS">
          <reporter-output>
          </reporter-output>
        </test-method> <!-- normalFdmPage -->
        <test-method signature="normalLayananPage()[pri:1, instance:tests.dspPortal.dspPortalTest@740fb309]" started-at="2025-06-24T14:28:37 WIB" name="normalLayananPage" finished-at="2025-06-24T14:28:38 WIB" duration-ms="1518" status="PASS">
          <reporter-output>
          </reporter-output>
        </test-method> <!-- normalLayananPage -->
        <test-method is-config="true" signature="setStatus(java.lang.reflect.Method)[pri:0, instance:tests.dspPortal.dspPortalTest@740fb309]" started-at="2025-06-24T14:28:37 WIB" name="setStatus" finished-at="2025-06-24T14:28:37 WIB" duration-ms="0" status="PASS">
          <params>
            <param index="0">
              <value>
                <![CDATA[public void tests.dspPortal.dspPortalTest.normalLayananPage()]]>
              </value>
            </param>
          </params>
          <reporter-output>
          </reporter-output>
        </test-method> <!-- setStatus -->
        <test-method is-config="true" signature="setStatus(java.lang.reflect.Method)[pri:0, instance:tests.dspPortal.dspPortalTest@740fb309]" started-at="2025-06-24T14:28:38 WIB" name="setStatus" finished-at="2025-06-24T14:28:38 WIB" duration-ms="2" status="PASS">
          <params>
            <param index="0">
              <value>
                <![CDATA[public void tests.dspPortal.dspPortalTest.normalSettlement()]]>
              </value>
            </param>
          </params>
          <reporter-output>
          </reporter-output>
        </test-method> <!-- setStatus -->
        <test-method signature="normalSettlement()[pri:2, instance:tests.dspPortal.dspPortalTest@740fb309]" started-at="2025-06-24T14:28:38 WIB" name="normalSettlement" finished-at="2025-06-24T14:28:39 WIB" duration-ms="654" status="PASS">
          <reporter-output>
          </reporter-output>
        </test-method> <!-- normalSettlement -->
        <test-method is-config="true" signature="setStatus(java.lang.reflect.Method)[pri:0, instance:tests.dspPortal.dspPortalTest@740fb309]" started-at="2025-06-24T14:28:39 WIB" name="setStatus" finished-at="2025-06-24T14:28:39 WIB" duration-ms="2" status="PASS">
          <params>
            <param index="0">
              <value>
                <![CDATA[public void tests.dspPortal.dspPortalTest.normalUsaha()]]>
              </value>
            </param>
          </params>
          <reporter-output>
          </reporter-output>
        </test-method> <!-- setStatus -->
        <test-method signature="normalUsaha()[pri:3, instance:tests.dspPortal.dspPortalTest@740fb309]" started-at="2025-06-24T14:28:39 WIB" name="normalUsaha" finished-at="2025-06-24T14:28:54 WIB" duration-ms="15210" status="PASS">
          <reporter-output>
          </reporter-output>
        </test-method> <!-- normalUsaha -->
        <test-method signature="assertDetailAfterBuatMOS()[pri:4, instance:tests.dspPortal.dspPortalTest@740fb309]" started-at="2025-06-24T14:28:54 WIB" name="assertDetailAfterBuatMOS" finished-at="2025-06-24T14:29:03 WIB" duration-ms="8579" status="FAIL">
          <exception class="java.lang.AssertionError">
            <message>
              <![CDATA[The following asserts failed:
expected [Saimen Test Nama Merchant] but found [Saimen Test Nama Merchant TNWE],
expected [Saimen Test PIC Usaha] but found [Saimen Test PIC Usaha TNWE]]]>
            </message>
            <full-stacktrace>
              <![CDATA[java.lang.AssertionError: The following asserts failed:
expected [Saimen Test Nama Merchant] but found [Saimen Test Nama Merchant TNWE],
expected [Saimen Test PIC Usaha] but found [Saimen Test PIC Usaha TNWE]
at org.testng.asserts.SoftAssert.assertAll(SoftAssert.java:46)
at org.testng.asserts.SoftAssert.assertAll(SoftAssert.java:30)
at tests.dspPortal.dspPortalTest.assertDetailAfterBuatMOS(dspPortalTest.java:206)
at java.base/jdk.internal.reflect.DirectMethodHandleAccessor.invoke(DirectMethodHandleAccessor.java:103)
at java.base/java.lang.reflect.Method.invoke(Method.java:580)
at org.testng.internal.invokers.MethodInvocationHelper.invokeMethod(MethodInvocationHelper.java:141)
at org.testng.internal.invokers.TestInvoker.invokeMethod(TestInvoker.java:686)
at org.testng.internal.invokers.TestInvoker.invokeTestMethod(TestInvoker.java:230)
at org.testng.internal.invokers.MethodRunner.runInSequence(MethodRunner.java:63)
at org.testng.internal.invokers.TestInvoker$MethodInvocationAgent.invoke(TestInvoker.java:992)
at org.testng.internal.invokers.TestInvoker.invokeTestMethods(TestInvoker.java:203)
at org.testng.internal.invokers.TestMethodWorker.invokeTestMethods(TestMethodWorker.java:154)
at org.testng.internal.invokers.TestMethodWorker.run(TestMethodWorker.java:134)
at java.base/java.util.ArrayList.forEach(ArrayList.java:1597)
at org.testng.TestRunner.privateRun(TestRunner.java:739)
at org.testng.TestRunner.run(TestRunner.java:614)
at org.testng.SuiteRunner.runTest(SuiteRunner.java:421)
at org.testng.SuiteRunner.runSequentially(SuiteRunner.java:413)
at org.testng.SuiteRunner.privateRun(SuiteRunner.java:373)
at org.testng.SuiteRunner.run(SuiteRunner.java:312)
at org.testng.SuiteRunnerWorker.runSuite(SuiteRunnerWorker.java:52)
at org.testng.SuiteRunnerWorker.run(SuiteRunnerWorker.java:95)
at org.testng.TestNG.runSuitesSequentially(TestNG.java:1274)
at org.testng.TestNG.runSuitesLocally(TestNG.java:1208)
at org.testng.TestNG.runSuites(TestNG.java:1112)
at org.testng.TestNG.run(TestNG.java:1079)
at org.apache.maven.surefire.testng.TestNGExecutor.run(TestNGExecutor.java:308)
at org.apache.maven.surefire.testng.TestNGXmlTestSuite.execute(TestNGXmlTestSuite.java:71)
at org.apache.maven.surefire.testng.TestNGProvider.invoke(TestNGProvider.java:113)
at org.apache.maven.surefire.booter.ForkedBooter.runSuitesInProcess(ForkedBooter.java:385)
at org.apache.maven.surefire.booter.ForkedBooter.execute(ForkedBooter.java:162)
at org.apache.maven.surefire.booter.ForkedBooter.run(ForkedBooter.java:507)
at org.apache.maven.surefire.booter.ForkedBooter.main(ForkedBooter.java:495)
]]>
            </full-stacktrace>
          </exception> <!-- java.lang.AssertionError -->
          <reporter-output>
          </reporter-output>
        </test-method> <!-- assertDetailAfterBuatMOS -->
        <test-method is-config="true" signature="setStatus(java.lang.reflect.Method)[pri:0, instance:tests.dspPortal.dspPortalTest@740fb309]" started-at="2025-06-24T14:28:54 WIB" name="setStatus" finished-at="2025-06-24T14:28:54 WIB" duration-ms="0" status="PASS">
          <params>
            <param index="0">
              <value>
                <![CDATA[void tests.dspPortal.dspPortalTest.assertDetailAfterBuatMOS()]]>
              </value>
            </param>
          </params>
          <reporter-output>
          </reporter-output>
        </test-method> <!-- setStatus -->
        <test-method is-config="true" signature="tearDown()[pri:0, instance:tests.dspPortal.dspPortalTest@740fb309]" started-at="2025-06-24T14:29:03 WIB" name="tearDown" finished-at="2025-06-24T14:29:03 WIB" duration-ms="0" status="PASS">
          <reporter-output>
          </reporter-output>
        </test-method> <!-- tearDown -->
      </class> <!-- tests.dspPortal.dspPortalTest -->
    </test> <!-- DSP Portal Test -->
  </suite> <!-- Web Testing -->
</testng-results>
